# JRE version: OpenJDK Runtime Environment (7.0_65-b32) (build 1.7.0_65-b32)
# Java VM: OpenJDK 64-Bit Server VM (24.65-b04 mixed mode linux-amd64 compressed oops)
Heap
 PSYoungGen      total 2145792K, used 222944K [0x000000076aa80000, 0x0000000800000000, 0x0000000800000000)
  eden space 1836544K, 0% used [0x000000076aa80000,0x000000076aa80000,0x00000007dac00000)
  from space 309248K, 72% used [0x00000007ed200000,0x00000007fabb8000,0x0000000800000000)
  to   space 301056K, 0% used [0x00000007dac00000,0x00000007dac00000,0x00000007ed200000)
 ParOldGen       total 4893696K, used 4693901K [0x000000063ff80000, 0x000000076aa80000, 0x000000076aa80000)
  object space 4893696K, 95% used [0x000000063ff80000,0x000000075e7635e0,0x000000076aa80000)
 PSPermGen       total 62464K, used 61995K [0x0000000637f80000, 0x000000063bc80000, 0x000000063ff80000)
  object space 62464K, 99% used [0x0000000637f80000,0x000000063bc0aea8,0x000000063bc80000)
GC Heap History (10 events):
Event: 21097.719 GC heap after
Heap after GC invocations=1064 (full 54):
 PSYoungGen      total 2107904K, used 212576K [0x000000076aa80000, 0x0000000800000000, 0x0000000800000000)
  eden space 1758208K, 0% used [0x000000076aa80000,0x000000076aa80000,0x00000007d5f80000)
  from space 349696K, 60% used [0x00000007eaa80000,0x00000007f7a18000,0x0000000800000000)
  to   space 338944K, 0% used [0x00000007d5f80000,0x00000007d5f80000,0x00000007eaa80000)
 ParOldGen       total 4893696K, used 3837308K [0x000000063ff80000, 0x000000076aa80000, 0x000000076aa80000)
  object space 4893696K, 78% used [0x000000063ff80000,0x000000072a2df270,0x000000076aa80000)
 PSPermGen       total 62464K, used 61995K [0x0000000637f80000, 0x000000063bc80000, 0x000000063ff80000)
  object space 62464K, 99% used [0x0000000637f80000,0x000000063bc0aea8,0x000000063bc80000)
}
Event: 21102.619 GC heap before
{Heap before GC invocations=1065 (full 54):
 PSYoungGen      total 2107904K, used 1970784K [0x000000076aa80000, 0x0000000800000000, 0x0000000800000000)
  eden space 1758208K, 100% used [0x000000076aa80000,0x00000007d5f80000,0x00000007d5f80000)
  from space 349696K, 60% used [0x00000007eaa80000,0x00000007f7a18000,0x0000000800000000)
  to   space 338944K, 0% used [0x00000007d5f80000,0x00000007d5f80000,0x00000007eaa80000)
 ParOldGen       total 4893696K, used 3837308K [0x000000063ff80000, 0x000000076aa80000, 0x000000076aa80000)
  object space 4893696K, 78% used [0x000000063ff80000,0x000000072a2df270,0x000000076aa80000)
 PSPermGen       total 62464K, used 61995K [0x0000000637f80000, 0x000000063bc80000, 0x000000063ff80000)
  object space 62464K, 99% used [0x0000000637f80000,0x000000063bc0aea8,0x000000063bc80000)
Event: 21129.307 GC heap after
Heap after GC invocations=1065 (full 54):
 PSYoungGen      total 2097152K, used 218720K [0x000000076aa80000, 0x0000000800000000, 0x0000000800000000)
  eden space 1758208K, 0% used [0x000000076aa80000,0x000000076aa80000,0x00000007d5f80000)
  from space 338944K, 64% used [0x00000007d5f80000,0x00000007e3518000,0x00000007eaa80000)
  to   space 327680K, 0% used [0x00000007ec000000,0x00000007ec000000,0x0000000800000000)
 ParOldGen       total 4893696K, used 4045668K [0x000000063ff80000, 0x000000076aa80000, 0x000000076aa80000)
  object space 4893696K, 82% used [0x000000063ff80000,0x0000000736e59380,0x000000076aa80000)
 PSPermGen       total 62464K, used 61995K [0x0000000637f80000, 0x000000063bc80000, 0x000000063ff80000)
  object space 62464K, 99% used [0x0000000637f80000,0x000000063bc0aea8,0x000000063bc80000)
}
Event: 21142.268 GC heap before
{Heap before GC invocations=1066 (full 54):
 PSYoungGen      total 2097152K, used 1976928K [0x000000076aa80000, 0x0000000800000000, 0x0000000800000000)
  eden space 1758208K, 100% used [0x000000076aa80000,0x00000007d5f80000,0x00000007d5f80000)
  from space 338944K, 64% used [0x00000007d5f80000,0x00000007e3518000,0x00000007eaa80000)
  to   space 327680K, 0% used [0x00000007ec000000,0x00000007ec000000,0x0000000800000000)
 ParOldGen       total 4893696K, used 4045668K [0x000000063ff80000, 0x000000076aa80000, 0x000000076aa80000)
  object space 4893696K, 82% used [0x000000063ff80000,0x0000000736e59380,0x000000076aa80000)
 PSPermGen       total 62464K, used 61995K [0x0000000637f80000, 0x000000063bc80000, 0x000000063ff80000)
  object space 62464K, 99% used [0x0000000637f80000,0x000000063bc0aea8,0x000000063bc80000)
Event: 21144.335 GC heap after
Heap after GC invocations=1066 (full 54):
 PSYoungGen      total 2128896K, used 216896K [0x000000076aa80000, 0x0000000800000000, 0x0000000800000000)
  eden space 1801216K, 0% used [0x000000076aa80000,0x000000076aa80000,0x00000007d8980000)
  from space 327680K, 66% used [0x00000007ec000000,0x00000007f93d0000,0x0000000800000000)
  to   space 317952K, 0% used [0x00000007d8980000,0x00000007d8980000,0x00000007ec000000)
 ParOldGen       total 4893696K, used 4260429K [0x000000063ff80000, 0x000000076aa80000, 0x000000076aa80000)
  object space 4893696K, 87% used [0x000000063ff80000,0x0000000744013460,0x000000076aa80000)
 PSPermGen       total 62464K, used 61995K [0x0000000637f80000, 0x000000063bc80000, 0x000000063ff80000)
  object space 62464K, 99% used [0x0000000637f80000,0x000000063bc0aea8,0x000000063bc80000)
}
Event: 21154.033 GC heap before
{Heap before GC invocations=1067 (full 54):
 PSYoungGen      total 2128896K, used 2018112K [0x000000076aa80000, 0x0000000800000000, 0x0000000800000000)
  eden space 1801216K, 100% used [0x000000076aa80000,0x00000007d8980000,0x00000007d8980000)
  from space 327680K, 66% used [0x00000007ec000000,0x00000007f93d0000,0x0000000800000000)
  to   space 317952K, 0% used [0x00000007d8980000,0x00000007d8980000,0x00000007ec000000)
 ParOldGen       total 4893696K, used 4260429K [0x000000063ff80000, 0x000000076aa80000, 0x000000076aa80000)
  object space 4893696K, 87% used [0x000000063ff80000,0x0000000744013460,0x000000076aa80000)
 PSPermGen       total 62464K, used 61995K [0x0000000637f80000, 0x000000063bc80000, 0x000000063ff80000)
  object space 62464K, 99% used [0x0000000637f80000,0x000000063bc0aea8,0x000000063bc80000)
Event: 21172.572 GC heap after
Heap after GC invocations=1067 (full 54):
 PSYoungGen      total 2119168K, used 223712K [0x000000076aa80000, 0x0000000800000000, 0x0000000800000000)
  eden space 1801216K, 0% used [0x000000076aa80000,0x000000076aa80000,0x00000007d8980000)
  from space 317952K, 70% used [0x00000007d8980000,0x00000007e63f8010,0x00000007ec000000)
  to   space 309248K, 0% used [0x00000007ed200000,0x00000007ed200000,0x0000000800000000)
 ParOldGen       total 4893696K, used 4473677K [0x000000063ff80000, 0x000000076aa80000, 0x000000076aa80000)
  object space 4893696K, 91% used [0x000000063ff80000,0x0000000751053520,0x000000076aa80000)
 PSPermGen       total 62464K, used 61995K [0x0000000637f80000, 0x000000063bc80000, 0x000000063ff80000)
  object space 62464K, 99% used [0x0000000637f80000,0x000000063bc0aea8,0x000000063bc80000)
}
Event: 21183.177 GC heap before
{Heap before GC invocations=1068 (full 54):
 PSYoungGen      total 2119168K, used 2024928K [0x000000076aa80000, 0x0000000800000000, 0x0000000800000000)
  eden space 1801216K, 100% used [0x000000076aa80000,0x00000007d8980000,0x00000007d8980000)
  from space 317952K, 70% used [0x00000007d8980000,0x00000007e63f8010,0x00000007ec000000)
  to   space 309248K, 0% used [0x00000007ed200000,0x00000007ed200000,0x0000000800000000)
 ParOldGen       total 4893696K, used 4473677K [0x000000063ff80000, 0x000000076aa80000, 0x000000076aa80000)
  object space 4893696K, 91% used [0x000000063ff80000,0x0000000751053520,0x000000076aa80000)
 PSPermGen       total 62464K, used 61995K [0x0000000637f80000, 0x000000063bc80000, 0x000000063ff80000)
  object space 62464K, 99% used [0x0000000637f80000,0x000000063bc0aea8,0x000000063bc80000)
Event: 21194.349 GC heap after
Heap after GC invocations=1068 (full 54):
 PSYoungGen      total 2145792K, used 222944K [0x000000076aa80000, 0x0000000800000000, 0x0000000800000000)
  eden space 1836544K, 0% used [0x000000076aa80000,0x000000076aa80000,0x00000007dac00000)
  from space 309248K, 72% used [0x00000007ed200000,0x00000007fabb8000,0x0000000800000000)
  to   space 301056K, 0% used [0x00000007dac00000,0x00000007dac00000,0x00000007ed200000)
 ParOldGen       total 4893696K, used 4693901K [0x000000063ff80000, 0x000000076aa80000, 0x000000076aa80000)
  object space 4893696K, 95% used [0x000000063ff80000,0x000000075e7635e0,0x000000076aa80000)
 PSPermGen       total 62464K, used 61995K [0x0000000637f80000, 0x000000063bc80000, 0x000000063ff80000)
  object space 62464K, 99% used [0x0000000637f80000,0x000000063bc0aea8,0x000000063bc80000)
}
Event: 21194.371 GC heap before
{Heap before GC invocations=1069 (full 55):
 PSYoungGen      total 2145792K, used 222944K [0x000000076aa80000, 0x0000000800000000, 0x0000000800000000)
  eden space 1836544K, 0% used [0x000000076aa80000,0x000000076aa80000,0x00000007dac00000)
  from space 309248K, 72% used [0x00000007ed200000,0x00000007fabb8000,0x0000000800000000)
  to   space 301056K, 0% used [0x00000007dac00000,0x00000007dac00000,0x00000007ed200000)
 ParOldGen       total 4893696K, used 4693901K [0x000000063ff80000, 0x000000076aa80000, 0x000000076aa80000)
  object space 4893696K, 95% used [0x000000063ff80000,0x000000075e7635e0,0x000000076aa80000)
 PSPermGen       total 62464K, used 61995K [0x0000000637f80000, 0x000000063bc80000, 0x000000063ff80000)
  object space 62464K, 99% used [0x0000000637f80000,0x000000063bc0aea8,0x000000063bc80000)

